Traceback (most recent call last):
  File "/opt/anaconda3/envs/SLI39/lib/python3.9/site-packages/jupyter_cache/executors/utils.py", line 58, in single_nb_execution
    executenb(
  File "/opt/anaconda3/envs/SLI39/lib/python3.9/site-packages/nbclient/client.py", line 1314, in execute
    return NotebookClient(nb=nb, resources=resources, km=km, **kwargs).execute()
  File "/opt/anaconda3/envs/SLI39/lib/python3.9/site-packages/jupyter_core/utils/__init__.py", line 165, in wrapped
    return loop.run_until_complete(inner)
  File "/opt/anaconda3/envs/SLI39/lib/python3.9/asyncio/base_events.py", line 647, in run_until_complete
    return future.result()
  File "/opt/anaconda3/envs/SLI39/lib/python3.9/site-packages/nbclient/client.py", line 709, in async_execute
    await self.async_execute_cell(
  File "/opt/anaconda3/envs/SLI39/lib/python3.9/site-packages/nbclient/client.py", line 1062, in async_execute_cell
    await self._check_raise_for_error(cell, cell_index, exec_reply)
  File "/opt/anaconda3/envs/SLI39/lib/python3.9/site-packages/nbclient/client.py", line 918, in _check_raise_for_error
    raise CellExecutionError.from_cell_and_msg(cell, exec_reply_content)
nbclient.exceptions.CellExecutionError: An error occurred while executing the following cell:
------------------
for rid in range(len(rsl_hourly.station_name)):
    df, STNDtoMHHW, station_name,year0 = get_monthly_max_time_series(rid,rsl_hourly)

    # add covariate to the data frame
    covariate = get_covariate(df['t_monthly_max'], CI_dir)
    df['PMM'] = covariate
    # save the data frame to a csv file with station record_id
    savename = 'monthly_max_' + str(rsl_hourly.record_id[rid].values) + '.csv'
    
    savepath = input_dir / savename
    df.to_csv(savepath, index=False)
------------------


[0;31m---------------------------------------------------------------------------[0m
[0;31mNameError[0m                                 Traceback (most recent call last)
Cell [0;32mIn[10], line 10[0m
[1;32m      7[0m [38;5;66;03m# save the data frame to a csv file with station record_id[39;00m
[1;32m      8[0m savename [38;5;241m=[39m [38;5;124m'[39m[38;5;124mmonthly_max_[39m[38;5;124m'[39m [38;5;241m+[39m [38;5;28mstr[39m(rsl_hourly[38;5;241m.[39mrecord_id[rid][38;5;241m.[39mvalues) [38;5;241m+[39m [38;5;124m'[39m[38;5;124m.csv[39m[38;5;124m'[39m
[0;32m---> 10[0m savepath [38;5;241m=[39m [43minput_dir[49m [38;5;241m/[39m savename
[1;32m     11[0m df[38;5;241m.[39mto_csv(savepath, index[38;5;241m=[39m[38;5;28;01mFalse[39;00m)

[0;31mNameError[0m: name 'input_dir' is not defined

